<?xml version="1.0" encoding="UTF-8"?>
<coverage generated="1788564812886" clover="3.2.0">
  <project timestamp="1788564812886" name="All files">
    <metrics statements="34" coveredstatements="25" conditionals="12" coveredconditionals="8" methods="15" coveredmethods="10" elements="61" coveredelements="43" complexity="0" loc="34" ncloc="34" packages="4" files="6" classes="6"/>
    <package name="application.dtos">
      <metrics statements="7" coveredstatements="6" conditionals="0" coveredconditionals="0" methods="2" coveredmethods="1"/>
      <file name="admin.dto.ts" path="/home/celular_pro_api/src/application/dtos/admin.dto.ts">
        <metrics statements="4" coveredstatements="4" conditionals="0" coveredconditionals="0" methods="1" coveredmethods="1"/>
        <line num="3" count="1" type="stmt"/>
        <line num="7" count="1" type="stmt"/>
        <line num="9" count="1" type="stmt"/>
        <line num="13" count="1" type="stmt"/>
      </file>
      <file name="order.dto.ts" path="/home/celular_pro_api/src/application/dtos/order.dto.ts">
        <metrics statements="3" coveredstatements="2" conditionals="0" coveredconditionals="0" methods="1" coveredmethods="0"/>
        <line num="3" count="1" type="stmt"/>
        <line num="22" count="1" type="stmt"/>
        <line num="25" count="0" type="stmt"/>
      </file>
    </package>
    <package name="application.use-cases">
      <metrics statements="13" coveredstatements="9" conditionals="4" coveredconditionals="4" methods="9" coveredmethods="5"/>
      <file name="admin.use-cases.ts" path="/home/celular_pro_api/src/application/use-cases/admin.use-cases.ts">
        <metrics statements="7" coveredstatements="3" conditionals="2" coveredconditionals="2" methods="5" coveredmethods="1"/>
        <line num="6" count="0" type="stmt"/>
        <line num="15" count="0" type="stmt"/>
        <line num="23" count="0" type="stmt"/>
        <line num="27" count="0" type="stmt"/>
        <line num="36" count="3" type="cond" truecount="2" falsecount="0"/>
        <line num="37" count="1" type="stmt"/>
        <line num="38" count="2" type="stmt"/>
      </file>
      <file name="orders.use-cases.ts" path="/home/celular_pro_api/src/application/use-cases/orders.use-cases.ts">
        <metrics statements="6" coveredstatements="6" conditionals="2" coveredconditionals="2" methods="4" coveredmethods="4"/>
        <line num="11" count="3" type="stmt"/>
        <line num="15" count="2" type="stmt"/>
        <line num="23" count="1" type="stmt"/>
        <line num="31" count="2" type="stmt"/>
        <line num="32" count="2" type="cond" truecount="2" falsecount="0"/>
        <line num="33" count="1" type="stmt"/>
      </file>
    </package>
    <package name="domain">
      <metrics statements="4" coveredstatements="4" conditionals="1" coveredconditionals="1" methods="1" coveredmethods="1"/>
      <file name="AppError.ts" path="/home/celular_pro_api/src/domain/AppError.ts">
        <metrics statements="4" coveredstatements="4" conditionals="1" coveredconditionals="1" methods="1" coveredmethods="1"/>
        <line num="3" count="2" type="stmt"/>
        <line num="4" count="2" type="cond" truecount="1" falsecount="0"/>
        <line num="6" count="2" type="stmt"/>
        <line num="7" count="2" type="stmt"/>
      </file>
    </package>
    <package name="interface.middlewares">
      <metrics statements="10" coveredstatements="6" conditionals="7" coveredconditionals="3" methods="3" coveredmethods="3"/>
      <file name="validate.middleware.ts" path="/home/celular_pro_api/src/interface/middlewares/validate.middleware.ts">
        <metrics statements="10" coveredstatements="6" conditionals="7" coveredconditionals="3" methods="3" coveredmethods="3"/>
        <line num="5" count="1" type="stmt"/>
        <line num="6" count="1" type="stmt"/>
        <line num="10" count="1" type="cond" truecount="1" falsecount="1"/>
        <line num="11" count="1" type="stmt"/>
        <line num="15" count="1" type="stmt"/>
        <line num="16" count="1" type="stmt"/>
        <line num="19" count="0" type="cond" truecount="0" falsecount="2"/>
        <line num="20" count="0" type="stmt"/>
        <line num="22" count="0" type="stmt"/>
        <line num="25" count="0" type="stmt"/>
      </file>
    </package>
  </project>
</coverage>
