{"/home/celular_pro_api/src/application/dtos/admin.dto.ts": {"path":"/home/celular_pro_api/src/application/dtos/admin.dto.ts","statementMap":{"0":{"start":{"line":3,"column":26},"end":{"line":5,"column":null}},"1":{"start":{"line":7,"column":29},"end":{"line":11,"column":null}},"2":{"start":{"line":9,"column":21},"end":{"line":9,"column":null}},"3":{"start":{"line":13,"column":34},"end":{"line":17,"column":null}}},"fnMap":{"0":{"name":"(anonymous_0)","decl":{"start":{"line":9,"column":4},"end":{"line":9,"column":21}},"loc":{"start":{"line":9,"column":21},"end":{"line":9,"column":null}},"line":9}},"branchMap":{},"s":{"0":1,"1":1,"2":1,"3":1},"f":{"0":1},"b":{},"meta":{"lastBranch":0,"lastFunction":1,"lastStatement":4,"seen":{"s:3:26:5:Infinity":0,"s:7:29:11:Infinity":1,"f:9:4:9:21":0,"s:9:21:9:Infinity":2,"s:13:34:17:Infinity":3},"fnNames":{}}}
,"/home/celular_pro_api/src/application/dtos/order.dto.ts": {"path":"/home/celular_pro_api/src/application/dtos/order.dto.ts","statementMap":{"0":{"start":{"line":3,"column":30},"end":{"line":20,"column":null}},"1":{"start":{"line":22,"column":36},"end":{"line":27,"column":null}},"2":{"start":{"line":25,"column":23},"end":{"line":25,"column":55}}},"fnMap":{"0":{"name":"(anonymous_0)","decl":{"start":{"line":25,"column":6},"end":{"line":25,"column":23}},"loc":{"start":{"line":25,"column":23},"end":{"line":25,"column":55}},"line":25}},"branchMap":{},"s":{"0":1,"1":1,"2":0},"f":{"0":0},"b":{},"meta":{"lastBranch":0,"lastFunction":1,"lastStatement":3,"seen":{"s:3:30:20:Infinity":0,"s:22:36:27:Infinity":1,"f:25:6:25:23":0,"s:25:23:25:55":2},"fnNames":{}}}
,"/home/celular_pro_api/src/application/use-cases/admin.use-cases.ts": {"path":"/home/celular_pro_api/src/application/use-cases/admin.use-cases.ts","statementMap":{"0":{"start":{"line":6,"column":2},"end":{"line":6,"column":null}},"1":{"start":{"line":15,"column":2},"end":{"line":15,"column":null}},"2":{"start":{"line":23,"column":2},"end":{"line":23,"column":null}},"3":{"start":{"line":27,"column":2},"end":{"line":27,"column":null}},"4":{"start":{"line":36,"column":2},"end":{"line":37,"column":null}},"5":{"start":{"line":37,"column":4},"end":{"line":37,"column":null}},"6":{"start":{"line":38,"column":2},"end":{"line":38,"column":null}}},"fnMap":{"0":{"name":"getStats","decl":{"start":{"line":5,"column":22},"end":{"line":5,"column":31}},"loc":{"start":{"line":5,"column":55},"end":{"line":7,"column":null}},"line":5},"1":{"name":"listUsers","decl":{"start":{"line":9,"column":22},"end":{"line":9,"column":null}},"loc":{"start":{"line":14,"column":2},"end":{"line":16,"column":null}},"line":14},"2":{"name":"banUser","decl":{"start":{"line":18,"column":22},"end":{"line":18,"column":null}},"loc":{"start":{"line":22,"column":2},"end":{"line":24,"column":null}},"line":22},"3":{"name":"unbanUser","decl":{"start":{"line":26,"column":22},"end":{"line":26,"column":32}},"loc":{"start":{"line":26,"column":72},"end":{"line":28,"column":null}},"line":26},"4":{"name":"changeUserRole","decl":{"start":{"line":30,"column":22},"end":{"line":30,"column":null}},"loc":{"start":{"line":35,"column":2},"end":{"line":39,"column":null}},"line":35}},"branchMap":{"0":{"loc":{"start":{"line":36,"column":2},"end":{"line":37,"column":null}},"type":"if","locations":[{"start":{"line":36,"column":2},"end":{"line":37,"column":null}},{"start":{},"end":{}}],"line":36}},"s":{"0":0,"1":0,"2":0,"3":0,"4":3,"5":1,"6":2},"f":{"0":0,"1":0,"2":0,"3":0,"4":3},"b":{"0":[1,2]},"meta":{"lastBranch":1,"lastFunction":5,"lastStatement":7,"seen":{"f:5:22:5:31":0,"s:6:2:6:Infinity":0,"f:9:22:9:Infinity":1,"s:15:2:15:Infinity":1,"f:18:22:18:Infinity":2,"s:23:2:23:Infinity":2,"f:26:22:26:32":3,"s:27:2:27:Infinity":3,"f:30:22:30:Infinity":4,"b:36:2:37:Infinity:undefined:undefined:undefined:undefined":0,"s:36:2:37:Infinity":4,"s:37:4:37:Infinity":5,"s:38:2:38:Infinity":6},"fnNames":{}}}
,"/home/celular_pro_api/src/application/use-cases/orders.use-cases.ts": {"path":"/home/celular_pro_api/src/application/use-cases/orders.use-cases.ts","statementMap":{"0":{"start":{"line":11,"column":2},"end":{"line":11,"column":null}},"1":{"start":{"line":15,"column":2},"end":{"line":15,"column":null}},"2":{"start":{"line":23,"column":2},"end":{"line":23,"column":null}},"3":{"start":{"line":31,"column":16},"end":{"line":31,"column":null}},"4":{"start":{"line":32,"column":2},"end":{"line":32,"column":null}},"5":{"start":{"line":32,"column":14},"end":{"line":32,"column":null}},"6":{"start":{"line":33,"column":2},"end":{"line":33,"column":null}}},"fnMap":{"0":{"name":"createOrder","decl":{"start":{"line":6,"column":22},"end":{"line":6,"column":null}},"loc":{"start":{"line":10,"column":2},"end":{"line":12,"column":null}},"line":10},"1":{"name":"getMyOrders","decl":{"start":{"line":14,"column":22},"end":{"line":14,"column":34}},"loc":{"start":{"line":14,"column":74},"end":{"line":16,"column":null}},"line":14},"2":{"name":"getAllOrders","decl":{"start":{"line":18,"column":22},"end":{"line":18,"column":null}},"loc":{"start":{"line":22,"column":2},"end":{"line":24,"column":null}},"line":22},"3":{"name":"updateOrderStatus","decl":{"start":{"line":26,"column":22},"end":{"line":26,"column":null}},"loc":{"start":{"line":30,"column":2},"end":{"line":34,"column":null}},"line":30}},"branchMap":{"0":{"loc":{"start":{"line":32,"column":2},"end":{"line":32,"column":null}},"type":"if","locations":[{"start":{"line":32,"column":2},"end":{"line":32,"column":null}},{"start":{},"end":{}}],"line":32}},"s":{"0":3,"1":2,"2":1,"3":2,"4":2,"5":1,"6":1},"f":{"0":3,"1":2,"2":1,"3":2},"b":{"0":[1,1]},"meta":{"lastBranch":1,"lastFunction":4,"lastStatement":7,"seen":{"f:6:22:6:Infinity":0,"s:11:2:11:Infinity":0,"f:14:22:14:34":1,"s:15:2:15:Infinity":1,"f:18:22:18:Infinity":2,"s:23:2:23:Infinity":2,"f:26:22:26:Infinity":3,"s:31:16:31:Infinity":3,"b:32:2:32:Infinity:undefined:undefined:undefined:undefined":0,"s:32:2:32:Infinity":4,"s:32:14:32:Infinity":5,"s:33:2:33:Infinity":6},"fnNames":{}}}
,"/home/celular_pro_api/src/domain/AppError.ts": {"path":"/home/celular_pro_api/src/domain/AppError.ts","statementMap":{"0":{"start":{"line":6,"column":4},"end":{"line":6,"column":null}},"1":{"start":{"line":3,"column":20},"end":{"line":3,"column":null}},"2":{"start":{"line":4,"column":11},"end":{"line":4,"column":32}},"3":{"start":{"line":7,"column":4},"end":{"line":7,"column":null}}},"fnMap":{"0":{"name":"constructor","decl":{"start":{"line":2,"column":2},"end":{"line":2,"column":null}},"loc":{"start":{"line":5,"column":4},"end":{"line":8,"column":null}},"line":5}},"branchMap":{"0":{"loc":{"start":{"line":4,"column":4},"end":{"line":4,"column":null}},"type":"default-arg","locations":[{"start":{"line":4,"column":32},"end":{"line":4,"column":null}}],"line":4}},"s":{"0":2,"1":2,"2":2,"3":2},"f":{"0":2},"b":{"0":[2]},"meta":{"lastBranch":1,"lastFunction":1,"lastStatement":4,"seen":{"f:2:2:2:Infinity":0,"b:4:32:4:Infinity":0,"s:6:4:6:Infinity":0,"s:3:20:3:Infinity":1,"s:4:11:4:32":2,"s:7:4:7:Infinity":3},"fnNames":{}}}
,"/home/celular_pro_api/src/interface/middlewares/validate.middleware.ts": {"path":"/home/celular_pro_api/src/interface/middlewares/validate.middleware.ts","statementMap":{"0":{"start":{"line":5,"column":2},"end":{"line":26,"column":null}},"1":{"start":{"line":6,"column":19},"end":{"line":8,"column":null}},"2":{"start":{"line":10,"column":4},"end":{"line":17,"column":null}},"3":{"start":{"line":11,"column":21},"end":{"line":14,"column":null}},"4":{"start":{"line":11,"column":53},"end":{"line":14,"column":8}},"5":{"start":{"line":15,"column":6},"end":{"line":15,"column":null}},"6":{"start":{"line":16,"column":6},"end":{"line":16,"column":null}},"7":{"start":{"line":19,"column":4},"end":{"line":23,"column":null}},"8":{"start":{"line":20,"column":6},"end":{"line":20,"column":null}},"9":{"start":{"line":22,"column":6},"end":{"line":22,"column":null}},"10":{"start":{"line":25,"column":4},"end":{"line":25,"column":null}}},"fnMap":{"0":{"name":"validate","decl":{"start":{"line":4,"column":16},"end":{"line":4,"column":25}},"loc":{"start":{"line":4,"column":79},"end":{"line":27,"column":null}},"line":4},"1":{"name":"(anonymous_1)","decl":{"start":{"line":5,"column":2},"end":{"line":5,"column":10}},"loc":{"start":{"line":5,"column":62},"end":{"line":26,"column":null}},"line":5},"2":{"name":"(anonymous_2)","decl":{"start":{"line":11,"column":41},"end":{"line":11,"column":46}},"loc":{"start":{"line":11,"column":53},"end":{"line":14,"column":8}},"line":11}},"branchMap":{"0":{"loc":{"start":{"line":4,"column":44},"end":{"line":4,"column":79}},"type":"default-arg","locations":[{"start":{"line":4,"column":71},"end":{"line":4,"column":79}}],"line":4},"1":{"loc":{"start":{"line":7,"column":6},"end":{"line":7,"column":null}},"type":"cond-expr","locations":[{"start":{"line":7,"column":26},"end":{"line":7,"column":37}},{"start":{"line":7,"column":37},"end":{"line":7,"column":null}}],"line":7},"2":{"loc":{"start":{"line":10,"column":4},"end":{"line":17,"column":null}},"type":"if","locations":[{"start":{"line":10,"column":4},"end":{"line":17,"column":null}},{"start":{},"end":{}}],"line":10},"3":{"loc":{"start":{"line":19,"column":4},"end":{"line":23,"column":null}},"type":"if","locations":[{"start":{"line":19,"column":4},"end":{"line":23,"column":null}},{"start":{"line":21,"column":11},"end":{"line":23,"column":null}}],"line":19}},"s":{"0":1,"1":1,"2":1,"3":1,"4":1,"5":1,"6":1,"7":0,"8":0,"9":0,"10":0},"f":{"0":1,"1":1,"2":1},"b":{"0":[1],"1":[1,0],"2":[1,0],"3":[0,0]},"meta":{"lastBranch":4,"lastFunction":3,"lastStatement":11,"seen":{"f:4:16:4:25":0,"b:4:71:4:79":0,"s:5:2:26:Infinity":0,"f:5:2:5:10":1,"s:6:19:8:Infinity":1,"b:7:26:7:37:7:37:7:Infinity":1,"b:10:4:17:Infinity:undefined:undefined:undefined:undefined":2,"s:10:4:17:Infinity":2,"s:11:21:14:Infinity":3,"f:11:41:11:46":2,"s:11:53:14:8":4,"s:15:6:15:Infinity":5,"s:16:6:16:Infinity":6,"b:19:4:23:Infinity:21:11:23:Infinity":3,"s:19:4:23:Infinity":7,"s:20:6:20:Infinity":8,"s:22:6:22:Infinity":9,"s:25:4:25:Infinity":10},"fnNames":{}}}
}
