TN:
SF:src/application/dtos/admin.dto.ts
FN:9,(anonymous_0)
FNF:1
FNH:1
FNDA:1,(anonymous_0)
DA:3,1
DA:7,1
DA:9,1
DA:13,1
LF:4
LH:4
BRF:0
BRH:0
end_of_record
TN:
SF:src/application/dtos/order.dto.ts
FN:25,(anonymous_0)
FNF:1
FNH:0
FNDA:0,(anonymous_0)
DA:3,1
DA:22,1
DA:25,0
LF:3
LH:2
BRF:0
BRH:0
end_of_record
TN:
SF:src/application/use-cases/admin.use-cases.ts
FN:5,getStats
FN:9,listUsers
FN:18,banUser
FN:26,unbanUser
FN:30,changeUserRole
FNF:5
FNH:1
FNDA:0,getStats
FNDA:0,listUsers
FNDA:0,banUser
FNDA:0,unbanUser
FNDA:3,changeUserRole
DA:6,0
DA:15,0
DA:23,0
DA:27,0
DA:36,3
DA:37,1
DA:38,2
LF:7
LH:3
BRDA:36,0,0,1
BRDA:36,0,1,2
BRF:2
BRH:2
end_of_record
TN:
SF:src/application/use-cases/orders.use-cases.ts
FN:6,createOrder
FN:14,getMyOrders
FN:18,getAllOrders
FN:26,updateOrderStatus
FNF:4
FNH:4
FNDA:3,createOrder
FNDA:2,getMyOrders
FNDA:1,getAllOrders
FNDA:2,updateOrderStatus
DA:11,3
DA:15,2
DA:23,1
DA:31,2
DA:32,2
DA:33,1
LF:6
LH:6
BRDA:32,0,0,1
BRDA:32,0,1,1
BRF:2
BRH:2
end_of_record
TN:
SF:src/domain/AppError.ts
FN:2,constructor
FNF:1
FNH:1
FNDA:2,constructor
DA:3,2
DA:4,2
DA:6,2
DA:7,2
LF:4
LH:4
BRDA:4,0,0,2
BRF:1
BRH:1
end_of_record
TN:
SF:src/interface/middlewares/validate.middleware.ts
FN:4,validate
FN:5,(anonymous_1)
FN:11,(anonymous_2)
FNF:3
FNH:3
FNDA:1,validate
FNDA:1,(anonymous_1)
FNDA:1,(anonymous_2)
DA:5,1
DA:6,1
DA:10,1
DA:11,1
DA:15,1
DA:16,1
DA:19,0
DA:20,0
DA:22,0
DA:25,0
LF:10
LH:6
BRDA:4,0,0,1
BRDA:7,1,0,1
BRDA:7,1,1,0
BRDA:10,2,0,1
BRDA:10,2,1,0
BRDA:19,3,0,0
BRDA:19,3,1,0
BRF:7
BRH:3
end_of_record
